<?xml version="1.0" encoding="UTF-8"?>
<!-- Generated by org.testng.reporters.JUnitReportReporter -->
<testsuite hostname="CBT-MH-000" name="PHPTravels.HotelPage" tests="1" failures="0" timestamp="11 Oct 2019 12:08:40 GMT" time="40.677" errors="0">
  <testcase name="method" time="40.677" classname="PHPTravels.HotelPage"/>
</testsuite> <!-- PHPTravels.HotelPage -->
