<?xml version="1.0" encoding="UTF-8"?>
<!-- Generated by org.testng.reporters.JUnitReportReporter -->
<testsuite skipped="0" hostname="CBT-MH-000" name="PHPTravels.RegistrationPage" tests="1" failures="0" timestamp="04 Oct 2019 07:05:56 GMT" time="19.808" errors="0">
  <testcase name="method" time="19.808" classname="PHPTravels.RegistrationPage"/>
</testsuite> <!-- PHPTravels.RegistrationPage -->
