<?xml version="1.0" encoding="UTF-8"?>
<!-- Generated by org.testng.reporters.JUnitReportReporter -->
<testsuite hostname="CBT-MH-000" name="PHPTravels.FlightPage" tests="1" failures="0" timestamp="11 Oct 2019 12:11:21 GMT" time="57.066" errors="0">
  <testcase name="method" time="57.066" classname="PHPTravels.FlightPage"/>
</testsuite> <!-- PHPTravels.FlightPage -->
