<?xml version="1.0" encoding="UTF-8"?>
<!-- Generated by org.testng.reporters.JUnitReportReporter -->
<testsuite hostname="CBT-MH-000" name="PHPTravels.Loginpage" tests="1" failures="0" timestamp="11 Oct 2019 12:15:20 GMT" time="33.664" errors="0">
  <testcase name="method" time="33.664" classname="PHPTravels.Loginpage"/>
</testsuite> <!-- PHPTravels.Loginpage -->
